Started GET "/" for ::1 at 2019-10-25 00:16:14 -0700
  [1m[35m (2.7ms)[0m  [1m[34mSELECT sqlite_version(*)[0m
  
ActiveRecord::PendingMigrationError (

Migrations are pending. To resolve this issue, run:

        rails db:migrate RAILS_ENV=development

):
  
activerecord (6.0.0) lib/active_record/migration.rb:587:in `check_pending!'
activerecord (6.0.0) lib/active_record/migration.rb:564:in `call'
actionpack (6.0.0) lib/action_dispatch/middleware/callbacks.rb:27:in `block in call'
activesupport (6.0.0) lib/active_support/callbacks.rb:101:in `run_callbacks'
actionpack (6.0.0) lib/action_dispatch/middleware/callbacks.rb:26:in `call'
actionpack (6.0.0) lib/action_dispatch/middleware/executor.rb:14:in `call'
actionpack (6.0.0) lib/action_dispatch/middleware/actionable_exceptions.rb:17:in `call'
actionpack (6.0.0) lib/action_dispatch/middleware/debug_exceptions.rb:32:in `call'
web-console (4.0.1) lib/web_console/middleware.rb:132:in `call_app'
web-console (4.0.1) lib/web_console/middleware.rb:28:in `block in call'
web-console (4.0.1) lib/web_console/middleware.rb:17:in `catch'
web-console (4.0.1) lib/web_console/middleware.rb:17:in `call'
actionpack (6.0.0) lib/action_dispatch/middleware/show_exceptions.rb:33:in `call'
railties (6.0.0) lib/rails/rack/logger.rb:38:in `call_app'
railties (6.0.0) lib/rails/rack/logger.rb:26:in `block in call'
activesupport (6.0.0) lib/active_support/tagged_logging.rb:80:in `block in tagged'
activesupport (6.0.0) lib/active_support/tagged_logging.rb:28:in `tagged'
activesupport (6.0.0) lib/active_support/tagged_logging.rb:80:in `tagged'
railties (6.0.0) lib/rails/rack/logger.rb:26:in `call'
sprockets-rails (3.2.1) lib/sprockets/rails/quiet_assets.rb:13:in `call'
actionpack (6.0.0) lib/action_dispatch/middleware/remote_ip.rb:81:in `call'
actionpack (6.0.0) lib/action_dispatch/middleware/request_id.rb:27:in `call'
rack (2.0.7) lib/rack/method_override.rb:22:in `call'
rack (2.0.7) lib/rack/runtime.rb:22:in `call'
activesupport (6.0.0) lib/active_support/cache/strategy/local_cache_middleware.rb:29:in `call'
actionpack (6.0.0) lib/action_dispatch/middleware/executor.rb:14:in `call'
actionpack (6.0.0) lib/action_dispatch/middleware/static.rb:126:in `call'
rack (2.0.7) lib/rack/sendfile.rb:111:in `call'
actionpack (6.0.0) lib/action_dispatch/middleware/host_authorization.rb:77:in `call'
webpacker (4.0.7) lib/webpacker/dev_server_proxy.rb:29:in `perform_request'
rack-proxy (0.6.5) lib/rack/proxy.rb:57:in `call'
railties (6.0.0) lib/rails/engine.rb:526:in `call'
puma (3.12.1) lib/puma/configuration.rb:227:in `call'
puma (3.12.1) lib/puma/server.rb:660:in `handle_request'
puma (3.12.1) lib/puma/server.rb:474:in `process_client'
puma (3.12.1) lib/puma/server.rb:334:in `block in run'
puma (3.12.1) lib/puma/thread_pool.rb:135:in `block in spawn_thread'
Started GET "/" for ::1 at 2019-10-25 00:19:18 -0700
  [1m[35m (2.1ms)[0m  [1m[34mSELECT sqlite_version(*)[0m
  
ActiveRecord::PendingMigrationError (

Migrations are pending. To resolve this issue, run:

        rails db:migrate RAILS_ENV=development

):
  
activerecord (6.0.0) lib/active_record/migration.rb:587:in `check_pending!'
activerecord (6.0.0) lib/active_record/migration.rb:564:in `call'
actionpack (6.0.0) lib/action_dispatch/middleware/callbacks.rb:27:in `block in call'
activesupport (6.0.0) lib/active_support/callbacks.rb:101:in `run_callbacks'
actionpack (6.0.0) lib/action_dispatch/middleware/callbacks.rb:26:in `call'
actionpack (6.0.0) lib/action_dispatch/middleware/executor.rb:14:in `call'
actionpack (6.0.0) lib/action_dispatch/middleware/actionable_exceptions.rb:17:in `call'
actionpack (6.0.0) lib/action_dispatch/middleware/debug_exceptions.rb:32:in `call'
web-console (4.0.1) lib/web_console/middleware.rb:132:in `call_app'
web-console (4.0.1) lib/web_console/middleware.rb:28:in `block in call'
web-console (4.0.1) lib/web_console/middleware.rb:17:in `catch'
web-console (4.0.1) lib/web_console/middleware.rb:17:in `call'
actionpack (6.0.0) lib/action_dispatch/middleware/show_exceptions.rb:33:in `call'
railties (6.0.0) lib/rails/rack/logger.rb:38:in `call_app'
railties (6.0.0) lib/rails/rack/logger.rb:26:in `block in call'
activesupport (6.0.0) lib/active_support/tagged_logging.rb:80:in `block in tagged'
activesupport (6.0.0) lib/active_support/tagged_logging.rb:28:in `tagged'
activesupport (6.0.0) lib/active_support/tagged_logging.rb:80:in `tagged'
railties (6.0.0) lib/rails/rack/logger.rb:26:in `call'
sprockets-rails (3.2.1) lib/sprockets/rails/quiet_assets.rb:13:in `call'
actionpack (6.0.0) lib/action_dispatch/middleware/remote_ip.rb:81:in `call'
actionpack (6.0.0) lib/action_dispatch/middleware/request_id.rb:27:in `call'
rack (2.0.7) lib/rack/method_override.rb:22:in `call'
rack (2.0.7) lib/rack/runtime.rb:22:in `call'
activesupport (6.0.0) lib/active_support/cache/strategy/local_cache_middleware.rb:29:in `call'
actionpack (6.0.0) lib/action_dispatch/middleware/executor.rb:14:in `call'
actionpack (6.0.0) lib/action_dispatch/middleware/static.rb:126:in `call'
rack (2.0.7) lib/rack/sendfile.rb:111:in `call'
actionpack (6.0.0) lib/action_dispatch/middleware/host_authorization.rb:77:in `call'
webpacker (4.0.7) lib/webpacker/dev_server_proxy.rb:29:in `perform_request'
rack-proxy (0.6.5) lib/rack/proxy.rb:57:in `call'
railties (6.0.0) lib/rails/engine.rb:526:in `call'
puma (3.12.1) lib/puma/configuration.rb:227:in `call'
puma (3.12.1) lib/puma/server.rb:660:in `handle_request'
puma (3.12.1) lib/puma/server.rb:474:in `process_client'
puma (3.12.1) lib/puma/server.rb:334:in `block in run'
puma (3.12.1) lib/puma/thread_pool.rb:135:in `block in spawn_thread'
  [1m[35m (0.3ms)[0m  [1m[34mSELECT sqlite_version(*)[0m
  [1m[35m (3.4ms)[0m  [1m[35mCREATE TABLE "schema_migrations" ("version" varchar NOT NULL PRIMARY KEY)[0m
  [1m[35m (1.2ms)[0m  [1m[35mCREATE TABLE "ar_internal_metadata" ("key" varchar NOT NULL PRIMARY KEY, "value" varchar, "created_at" datetime(6) NOT NULL, "updated_at" datetime(6) NOT NULL)[0m
  [1m[35m (0.2ms)[0m  [1m[34mSELECT "schema_migrations"."version" FROM "schema_migrations" ORDER BY "schema_migrations"."version" ASC[0m
Migrating to DeviseCreateUsers (20191024205523)
  [1m[35m (0.1ms)[0m  [1m[36mbegin transaction[0m
  [1m[35m (0.5ms)[0m  [1m[35mCREATE TABLE "users" ("id" integer PRIMARY KEY AUTOINCREMENT NOT NULL, "email" varchar DEFAULT '' NOT NULL, "encrypted_password" varchar DEFAULT '' NOT NULL, "reset_password_token" varchar, "reset_password_sent_at" datetime, "remember_created_at" datetime, "created_at" datetime(6) NOT NULL, "updated_at" datetime(6) NOT NULL)[0m
  [1m[35m (0.1ms)[0m  [1m[35mCREATE UNIQUE INDEX "index_users_on_email" ON "users" ("email")[0m
  [1m[35m (0.1ms)[0m  [1m[35mCREATE UNIQUE INDEX "index_users_on_reset_password_token" ON "users" ("reset_password_token")[0m
  [1m[36mprimary::SchemaMigration Create (0.2ms)[0m  [1m[32mINSERT INTO "schema_migrations" ("version") VALUES (?)[0m  [["version", "20191024205523"]]
  [1m[35m (1.1ms)[0m  [1m[36mcommit transaction[0m
Migrating to AddDeviseToUsers (20191024205938)
  [1m[35m (0.1ms)[0m  [1m[36mbegin transaction[0m
  [1m[35m (0.0ms)[0m  [1m[35mPRAGMA foreign_keys[0m
  [1m[35m (0.0ms)[0m  [1m[35mPRAGMA defer_foreign_keys[0m
  [1m[35m (0.0ms)[0m  [1m[35mPRAGMA defer_foreign_keys = ON[0m
  [1m[35m (0.0ms)[0m  [1m[35mPRAGMA foreign_keys = OFF[0m
  [1m[35m (0.2ms)[0m  [1m[35mCREATE TEMPORARY TABLE "ausers" ("id" integer NOT NULL PRIMARY KEY, "email" varchar DEFAULT '' NOT NULL, "encrypted_password" varchar DEFAULT '' NOT NULL, "reset_password_token" varchar DEFAULT NULL, "reset_password_sent_at" datetime DEFAULT NULL, "remember_created_at" datetime DEFAULT NULL, "created_at" datetime(6) NOT NULL, "updated_at" datetime(6) NOT NULL)[0m
  [1m[35m (0.1ms)[0m  [1m[35mCREATE UNIQUE INDEX "tindex_ausers_on_reset_password_token" ON "ausers" ("reset_password_token")[0m
  [1m[35m (0.1ms)[0m  [1m[35mCREATE UNIQUE INDEX "tindex_ausers_on_email" ON "ausers" ("email")[0m
  [1m[35m (0.1ms)[0m  [1m[32mINSERT INTO "ausers" ("id","email","encrypted_password","reset_password_token","reset_password_sent_at","remember_created_at","created_at","updated_at")
                     SELECT "id","email","encrypted_password","reset_password_token","reset_password_sent_at","remember_created_at","created_at","updated_at" FROM "users"[0m
  [1m[35m (0.4ms)[0m  [1m[35mDROP TABLE "users"[0m
  [1m[35m (0.1ms)[0m  [1m[35mCREATE TABLE "users" ("id" integer NOT NULL PRIMARY KEY, "email" varchar DEFAULT '' NOT NULL, "encrypted_password" varchar DEFAULT '' NOT NULL, "reset_password_token" varchar DEFAULT NULL, "reset_password_sent_at" datetime DEFAULT NULL, "remember_created_at" datetime DEFAULT NULL, "created_at" datetime(6) NOT NULL, "updated_at" datetime(6) NOT NULL)[0m
  [1m[35m (0.1ms)[0m  [1m[35mCREATE UNIQUE INDEX "index_users_on_email" ON "users" ("email")[0m
  [1m[35m (0.1ms)[0m  [1m[35mCREATE UNIQUE INDEX "index_users_on_reset_password_token" ON "users" ("reset_password_token")[0m
  [1m[35m (0.1ms)[0m  [1m[32mINSERT INTO "users" ("id","email","encrypted_password","reset_password_token","reset_password_sent_at","remember_created_at","created_at","updated_at")
                     SELECT "id","email","encrypted_password","reset_password_token","reset_password_sent_at","remember_created_at","created_at","updated_at" FROM "ausers"[0m
  [1m[35m (0.1ms)[0m  [1m[35mDROP TABLE "ausers"[0m
  [1m[35m (0.0ms)[0m  [1m[35mPRAGMA defer_foreign_keys = 0[0m
  [1m[35m (0.0ms)[0m  [1m[35mPRAGMA foreign_keys = 1[0m
  [1m[35m (0.0ms)[0m  [1m[35mPRAGMA foreign_keys[0m
  [1m[35m (0.0ms)[0m  [1m[35mPRAGMA defer_foreign_keys[0m
  [1m[35m (0.0ms)[0m  [1m[35mPRAGMA defer_foreign_keys = ON[0m
  [1m[35m (0.0ms)[0m  [1m[35mPRAGMA foreign_keys = OFF[0m
  [1m[35m (0.3ms)[0m  [1m[35mCREATE TEMPORARY TABLE "ausers" ("id" integer NOT NULL PRIMARY KEY, "email" varchar DEFAULT '' NOT NULL, "encrypted_password" varchar DEFAULT '' NOT NULL, "reset_password_token" varchar DEFAULT NULL, "reset_password_sent_at" datetime DEFAULT NULL, "remember_created_at" datetime DEFAULT NULL, "created_at" datetime(6) NOT NULL, "updated_at" datetime(6) NOT NULL)[0m
  [1m[35m (0.1ms)[0m  [1m[35mCREATE UNIQUE INDEX "tindex_ausers_on_reset_password_token" ON "ausers" ("reset_password_token")[0m
  [1m[35m (0.1ms)[0m  [1m[35mCREATE UNIQUE INDEX "tindex_ausers_on_email" ON "ausers" ("email")[0m
  [1m[35m (0.1ms)[0m  [1m[32mINSERT INTO "ausers" ("id","email","encrypted_password","reset_password_token","reset_password_sent_at","remember_created_at","created_at","updated_at")
                     SELECT "id","email","encrypted_password","reset_password_token","reset_password_sent_at","remember_created_at","created_at","updated_at" FROM "users"[0m
  [1m[35m (0.1ms)[0m  [1m[35mDROP TABLE "users"[0m
  [1m[35m (0.1ms)[0m  [1m[35mCREATE TABLE "users" ("id" integer NOT NULL PRIMARY KEY, "email" varchar DEFAULT '' NOT NULL, "encrypted_password" varchar DEFAULT '' NOT NULL, "reset_password_token" varchar DEFAULT NULL, "reset_password_sent_at" datetime DEFAULT NULL, "remember_created_at" datetime DEFAULT NULL, "created_at" datetime(6) NOT NULL, "updated_at" datetime(6) NOT NULL)[0m
  [1m[35m (0.3ms)[0m  [1m[35mCREATE UNIQUE INDEX "index_users_on_email" ON "users" ("email")[0m
  [1m[35m (0.1ms)[0m  [1m[35mCREATE UNIQUE INDEX "index_users_on_reset_password_token" ON "users" ("reset_password_token")[0m
  [1m[35m (0.1ms)[0m  [1m[32mINSERT INTO "users" ("id","email","encrypted_password","reset_password_token","reset_password_sent_at","remember_created_at","created_at","updated_at")
                     SELECT "id","email","encrypted_password","reset_password_token","reset_password_sent_at","remember_created_at","created_at","updated_at" FROM "ausers"[0m
  [1m[35m (0.1ms)[0m  [1m[35mDROP TABLE "ausers"[0m
  [1m[35m (0.0ms)[0m  [1m[35mPRAGMA defer_foreign_keys = 0[0m
  [1m[35m (0.0ms)[0m  [1m[35mPRAGMA foreign_keys = 1[0m
  [1m[35m (0.0ms)[0m  [1m[35mPRAGMA foreign_keys[0m
  [1m[35m (0.0ms)[0m  [1m[35mPRAGMA defer_foreign_keys[0m
  [1m[35m (0.0ms)[0m  [1m[35mPRAGMA defer_foreign_keys = ON[0m
  [1m[35m (0.0ms)[0m  [1m[35mPRAGMA foreign_keys = OFF[0m
  [1m[35m (0.1ms)[0m  [1m[35mCREATE TEMPORARY TABLE "ausers" ("id" integer NOT NULL PRIMARY KEY, "email" varchar DEFAULT '' NOT NULL, "encrypted_password" varchar DEFAULT '' NOT NULL, "reset_password_token" varchar DEFAULT NULL, "reset_password_sent_at" datetime DEFAULT NULL, "remember_created_at" datetime DEFAULT NULL, "created_at" datetime(6) NOT NULL, "updated_at" datetime(6) NOT NULL)[0m
  [1m[35m (0.1ms)[0m  [1m[35mCREATE UNIQUE INDEX "tindex_ausers_on_reset_password_token" ON "ausers" ("reset_password_token")[0m
  [1m[35m (0.1ms)[0m  [1m[35mCREATE UNIQUE INDEX "tindex_ausers_on_email" ON "ausers" ("email")[0m
  [1m[35m (0.1ms)[0m  [1m[32mINSERT INTO "ausers" ("id","email","encrypted_password","reset_password_token","reset_password_sent_at","remember_created_at","created_at","updated_at")
                     SELECT "id","email","encrypted_password","reset_password_token","reset_password_sent_at","remember_created_at","created_at","updated_at" FROM "users"[0m
  [1m[35m (0.1ms)[0m  [1m[35mDROP TABLE "users"[0m
  [1m[35m (0.1ms)[0m  [1m[35mCREATE TABLE "users" ("id" integer NOT NULL PRIMARY KEY, "email" varchar DEFAULT '' NOT NULL, "encrypted_password" varchar DEFAULT '' NOT NULL, "reset_password_token" varchar DEFAULT NULL, "reset_password_sent_at" datetime DEFAULT NULL, "remember_created_at" datetime DEFAULT NULL, "created_at" datetime(6) NOT NULL, "updated_at" datetime(6) NOT NULL)[0m
  [1m[35m (0.1ms)[0m  [1m[35mCREATE UNIQUE INDEX "index_users_on_email" ON "users" ("email")[0m
  [1m[35m (0.1ms)[0m  [1m[35mCREATE UNIQUE INDEX "index_users_on_reset_password_token" ON "users" ("reset_password_token")[0m
  [1m[35m (0.1ms)[0m  [1m[32mINSERT INTO "users" ("id","email","encrypted_password","reset_password_token","reset_password_sent_at","remember_created_at","created_at","updated_at")
                     SELECT "id","email","encrypted_password","reset_password_token","reset_password_sent_at","remember_created_at","created_at","updated_at" FROM "ausers"[0m
  [1m[35m (0.1ms)[0m  [1m[35mDROP TABLE "ausers"[0m
  [1m[35m (0.0ms)[0m  [1m[35mPRAGMA defer_foreign_keys = 0[0m
  [1m[35m (0.0ms)[0m  [1m[35mPRAGMA foreign_keys = 1[0m
  [1m[35m (0.0ms)[0m  [1m[35mPRAGMA foreign_keys[0m
  [1m[35m (0.0ms)[0m  [1m[35mPRAGMA defer_foreign_keys[0m
  [1m[35m (0.0ms)[0m  [1m[35mPRAGMA defer_foreign_keys = ON[0m
  [1m[35m (0.0ms)[0m  [1m[35mPRAGMA foreign_keys = OFF[0m
  [1m[35m (0.1ms)[0m  [1m[35mCREATE TEMPORARY TABLE "ausers" ("id" integer NOT NULL PRIMARY KEY, "email" varchar DEFAULT '' NOT NULL, "encrypted_password" varchar DEFAULT '' NOT NULL, "reset_password_token" varchar DEFAULT NULL, "reset_password_sent_at" datetime DEFAULT NULL, "remember_created_at" datetime DEFAULT NULL, "created_at" datetime(6) NOT NULL, "updated_at" datetime(6) NOT NULL)[0m
  [1m[35m (0.1ms)[0m  [1m[35mCREATE UNIQUE INDEX "tindex_ausers_on_reset_password_token" ON "ausers" ("reset_password_token")[0m
  [1m[35m (0.1ms)[0m  [1m[35mCREATE UNIQUE INDEX "tindex_ausers_on_email" ON "ausers" ("email")[0m
  [1m[35m (0.1ms)[0m  [1m[32mINSERT INTO "ausers" ("id","email","encrypted_password","reset_password_token","reset_password_sent_at","remember_created_at","created_at","updated_at")
                     SELECT "id","email","encrypted_password","reset_password_token","reset_password_sent_at","remember_created_at","created_at","updated_at" FROM "users"[0m
  [1m[35m (0.1ms)[0m  [1m[35mDROP TABLE "users"[0m
  [1m[35m (0.1ms)[0m  [1m[35mCREATE TABLE "users" ("id" integer NOT NULL PRIMARY KEY, "email" varchar DEFAULT '' NOT NULL, "encrypted_password" varchar DEFAULT '' NOT NULL, "reset_password_token" varchar DEFAULT NULL, "reset_password_sent_at" datetime DEFAULT NULL, "remember_created_at" datetime DEFAULT NULL, "created_at" datetime(6) NOT NULL, "updated_at" datetime(6) NOT NULL)[0m
  [1m[35m (0.1ms)[0m  [1m[35mCREATE UNIQUE INDEX "index_users_on_email" ON "users" ("email")[0m
  [1m[35m (0.1ms)[0m  [1m[35mCREATE UNIQUE INDEX "index_users_on_reset_password_token" ON "users" ("reset_password_token")[0m
  [1m[35m (0.1ms)[0m  [1m[32mINSERT INTO "users" ("id","email","encrypted_password","reset_password_token","reset_password_sent_at","remember_created_at","created_at","updated_at")
                     SELECT "id","email","encrypted_password","reset_password_token","reset_password_sent_at","remember_created_at","created_at","updated_at" FROM "ausers"[0m
  [1m[35m (0.1ms)[0m  [1m[35mDROP TABLE "ausers"[0m
  [1m[35m (0.0ms)[0m  [1m[35mPRAGMA defer_foreign_keys = 0[0m
  [1m[35m (0.0ms)[0m  [1m[35mPRAGMA foreign_keys = 1[0m
  [1m[35m (0.0ms)[0m  [1m[35mPRAGMA foreign_keys[0m
  [1m[35m (0.0ms)[0m  [1m[35mPRAGMA defer_foreign_keys[0m
  [1m[35m (0.0ms)[0m  [1m[35mPRAGMA defer_foreign_keys = ON[0m
  [1m[35m (0.0ms)[0m  [1m[35mPRAGMA foreign_keys = OFF[0m
  [1m[35m (0.1ms)[0m  [1m[35mCREATE TEMPORARY TABLE "ausers" ("id" integer NOT NULL PRIMARY KEY, "email" varchar DEFAULT '' NOT NULL, "encrypted_password" varchar DEFAULT '' NOT NULL, "reset_password_token" varchar DEFAULT NULL, "reset_password_sent_at" datetime DEFAULT NULL, "remember_created_at" datetime DEFAULT NULL, "created_at" datetime(6) NOT NULL, "updated_at" datetime(6) NOT NULL)[0m
  [1m[35m (0.1ms)[0m  [1m[35mCREATE UNIQUE INDEX "tindex_ausers_on_reset_password_token" ON "ausers" ("reset_password_token")[0m
  [1m[35m (0.1ms)[0m  [1m[35mCREATE UNIQUE INDEX "tindex_ausers_on_email" ON "ausers" ("email")[0m
  [1m[35m (0.1ms)[0m  [1m[32mINSERT INTO "ausers" ("id","email","encrypted_password","reset_password_token","reset_password_sent_at","remember_created_at","created_at","updated_at")
                     SELECT "id","email","encrypted_password","reset_password_token","reset_password_sent_at","remember_created_at","created_at","updated_at" FROM "users"[0m
  [1m[35m (0.1ms)[0m  [1m[35mDROP TABLE "users"[0m
  [1m[35m (0.1ms)[0m  [1m[35mCREATE TABLE "users" ("id" integer NOT NULL PRIMARY KEY, "email" varchar DEFAULT '' NOT NULL, "encrypted_password" varchar DEFAULT '' NOT NULL, "reset_password_token" varchar DEFAULT NULL, "reset_password_sent_at" datetime DEFAULT NULL, "remember_created_at" datetime DEFAULT NULL, "created_at" datetime(6) NOT NULL, "updated_at" datetime(6) NOT NULL)[0m
  [1m[35m (0.1ms)[0m  [1m[35mCREATE UNIQUE INDEX "index_users_on_email" ON "users" ("email")[0m
  [1m[35m (0.1ms)[0m  [1m[35mCREATE UNIQUE INDEX "index_users_on_reset_password_token" ON "users" ("reset_password_token")[0m
  [1m[35m (0.1ms)[0m  [1m[32mINSERT INTO "users" ("id","email","encrypted_password","reset_password_token","reset_password_sent_at","remember_created_at","created_at","updated_at")
                     SELECT "id","email","encrypted_password","reset_password_token","reset_password_sent_at","remember_created_at","created_at","updated_at" FROM "ausers"[0m
  [1m[35m (0.1ms)[0m  [1m[35mDROP TABLE "ausers"[0m
  [1m[35m (0.0ms)[0m  [1m[35mPRAGMA defer_foreign_keys = 0[0m
  [1m[35m (0.0ms)[0m  [1m[35mPRAGMA foreign_keys = 1[0m
  [1m[36mprimary::SchemaMigration Create (0.1ms)[0m  [1m[32mINSERT INTO "schema_migrations" ("version") VALUES (?)[0m  [["version", "20191024205938"]]
  [1m[35m (1.1ms)[0m  [1m[36mcommit transaction[0m
  [1m[36mActiveRecord::InternalMetadata Load (0.2ms)[0m  [1m[34mSELECT "ar_internal_metadata".* FROM "ar_internal_metadata" WHERE "ar_internal_metadata"."key" = ? LIMIT ?[0m  [["key", "environment"], ["LIMIT", 1]]
  [1m[35m (0.0ms)[0m  [1m[36mbegin transaction[0m
  [1m[36mActiveRecord::InternalMetadata Create (0.3ms)[0m  [1m[32mINSERT INTO "ar_internal_metadata" ("key", "value", "created_at", "updated_at") VALUES (?, ?, ?, ?)[0m  [["key", "environment"], ["value", "development"], ["created_at", "2019-10-25 07:19:41.852330"], ["updated_at", "2019-10-25 07:19:41.852330"]]
  [1m[35m (0.7ms)[0m  [1m[36mcommit transaction[0m
  [1m[35m (0.0ms)[0m  [1m[34mSELECT sqlite_version(*)[0m
  [1m[35m (0.1ms)[0m  [1m[34mSELECT "schema_migrations"."version" FROM "schema_migrations" ORDER BY "schema_migrations"."version" ASC[0m
Started GET "/" for ::1 at 2019-10-25 00:20:03 -0700
  [1m[35m (0.4ms)[0m  [1m[34mSELECT sqlite_version(*)[0m
  [1m[35m (1.1ms)[0m  [1m[34mSELECT "schema_migrations"."version" FROM "schema_migrations" ORDER BY "schema_migrations"."version" ASC[0m
Processing by PagesController#show as HTML
  Parameters: {"page"=>"about"}
  Rendering pages/about.html.erb within layouts/application
  Rendered pages/about.html.erb within layouts/application (Duration: 1082.1ms | Allocations: 1340344)
[Webpacker] Compiling…
[Webpacker] Compiled all packs in /Users/m5matthew/Desktop/spinder/spinder/public/packs
Completed 200 OK in 3728ms (Views: 3723.8ms | ActiveRecord: 0.0ms | Allocations: 1348176)


Started GET "/" for ::1 at 2019-10-25 00:27:23 -0700
  [1m[35m (0.1ms)[0m  [1m[34mSELECT sqlite_version(*)[0m
Processing by PagesController#show as HTML
  Parameters: {"page"=>"about"}
  Rendering pages/about.html.erb within layouts/application
  Rendered pages/about.html.erb within layouts/application (Duration: 2.1ms | Allocations: 1487)
Completed 200 OK in 11ms (Views: 9.9ms | ActiveRecord: 0.0ms | Allocations: 5912)


Started GET "/users" for ::1 at 2019-10-25 00:27:25 -0700
  
ActionController::RoutingError (No route matches [GET] "/users"):
  
actionpack (6.0.0) lib/action_dispatch/middleware/debug_exceptions.rb:36:in `call'
web-console (4.0.1) lib/web_console/middleware.rb:132:in `call_app'
web-console (4.0.1) lib/web_console/middleware.rb:28:in `block in call'
web-console (4.0.1) lib/web_console/middleware.rb:17:in `catch'
web-console (4.0.1) lib/web_console/middleware.rb:17:in `call'
actionpack (6.0.0) lib/action_dispatch/middleware/show_exceptions.rb:33:in `call'
railties (6.0.0) lib/rails/rack/logger.rb:38:in `call_app'
railties (6.0.0) lib/rails/rack/logger.rb:26:in `block in call'
activesupport (6.0.0) lib/active_support/tagged_logging.rb:80:in `block in tagged'
activesupport (6.0.0) lib/active_support/tagged_logging.rb:28:in `tagged'
activesupport (6.0.0) lib/active_support/tagged_logging.rb:80:in `tagged'
railties (6.0.0) lib/rails/rack/logger.rb:26:in `call'
sprockets-rails (3.2.1) lib/sprockets/rails/quiet_assets.rb:13:in `call'
actionpack (6.0.0) lib/action_dispatch/middleware/remote_ip.rb:81:in `call'
actionpack (6.0.0) lib/action_dispatch/middleware/request_id.rb:27:in `call'
rack (2.0.7) lib/rack/method_override.rb:22:in `call'
rack (2.0.7) lib/rack/runtime.rb:22:in `call'
activesupport (6.0.0) lib/active_support/cache/strategy/local_cache_middleware.rb:29:in `call'
actionpack (6.0.0) lib/action_dispatch/middleware/executor.rb:14:in `call'
actionpack (6.0.0) lib/action_dispatch/middleware/static.rb:126:in `call'
rack (2.0.7) lib/rack/sendfile.rb:111:in `call'
actionpack (6.0.0) lib/action_dispatch/middleware/host_authorization.rb:77:in `call'
webpacker (4.0.7) lib/webpacker/dev_server_proxy.rb:29:in `perform_request'
rack-proxy (0.6.5) lib/rack/proxy.rb:57:in `call'
railties (6.0.0) lib/rails/engine.rb:526:in `call'
puma (3.12.1) lib/puma/configuration.rb:227:in `call'
puma (3.12.1) lib/puma/server.rb:660:in `handle_request'
puma (3.12.1) lib/puma/server.rb:474:in `process_client'
puma (3.12.1) lib/puma/server.rb:334:in `block in run'
puma (3.12.1) lib/puma/thread_pool.rb:135:in `block in spawn_thread'
Started GET "/users/sign_in" for ::1 at 2019-10-25 00:27:47 -0700
Processing by Devise::SessionsController#new as HTML
  Rendering /Users/m5matthew/.rbenv/versions/2.6.3/lib/ruby/gems/2.6.0/gems/devise-4.7.1/app/views/devise/sessions/new.html.erb within layouts/application
  Rendered /Users/m5matthew/.rbenv/versions/2.6.3/lib/ruby/gems/2.6.0/gems/devise-4.7.1/app/views/devise/shared/_links.html.erb (Duration: 1.2ms | Allocations: 634)
  Rendered /Users/m5matthew/.rbenv/versions/2.6.3/lib/ruby/gems/2.6.0/gems/devise-4.7.1/app/views/devise/sessions/new.html.erb within layouts/application (Duration: 30.4ms | Allocations: 8898)
Completed 200 OK in 54ms (Views: 39.9ms | ActiveRecord: 0.7ms | Allocations: 21268)


Started GET "/users/sign_in" for ::1 at 2019-10-25 00:28:38 -0700
Processing by Devise::SessionsController#new as HTML
  Rendering /Users/m5matthew/.rbenv/versions/2.6.3/lib/ruby/gems/2.6.0/gems/devise-4.7.1/app/views/devise/sessions/new.html.erb within layouts/application
  Rendered /Users/m5matthew/.rbenv/versions/2.6.3/lib/ruby/gems/2.6.0/gems/devise-4.7.1/app/views/devise/shared/_links.html.erb (Duration: 1.0ms | Allocations: 542)
  Rendered /Users/m5matthew/.rbenv/versions/2.6.3/lib/ruby/gems/2.6.0/gems/devise-4.7.1/app/views/devise/sessions/new.html.erb within layouts/application (Duration: 4.2ms | Allocations: 1992)
Completed 200 OK in 15ms (Views: 14.2ms | ActiveRecord: 0.0ms | Allocations: 8811)


Started GET "/" for ::1 at 2019-10-25 00:28:40 -0700
Processing by PagesController#show as HTML
  Parameters: {"page"=>"about"}
  Rendering pages/about.html.erb within layouts/application
  Rendered pages/about.html.erb within layouts/application (Duration: 2.3ms | Allocations: 1648)
Completed 200 OK in 11ms (Views: 10.6ms | ActiveRecord: 0.0ms | Allocations: 6724)


Started GET "/" for ::1 at 2019-10-25 00:28:41 -0700
Processing by PagesController#show as HTML
  Parameters: {"page"=>"about"}
  Rendering pages/about.html.erb within layouts/application
  Rendered pages/about.html.erb within layouts/application (Duration: 2.1ms | Allocations: 1516)
Completed 200 OK in 9ms (Views: 8.9ms | ActiveRecord: 0.0ms | Allocations: 5916)


Started GET "/" for ::1 at 2019-10-25 00:28:48 -0700
  [1m[35m (0.4ms)[0m  [1m[34mSELECT sqlite_version(*)[0m
  [1m[35m (0.1ms)[0m  [1m[34mSELECT "schema_migrations"."version" FROM "schema_migrations" ORDER BY "schema_migrations"."version" ASC[0m
Processing by PagesController#show as HTML
  Parameters: {"page"=>"about"}
  Rendering pages/about.html.erb within layouts/application
  Rendered pages/about.html.erb within layouts/application (Duration: 794.7ms | Allocations: 1051555)
Completed 200 OK in 810ms (Views: 805.5ms | ActiveRecord: 0.0ms | Allocations: 1058436)


Started GET "/users/sign_in" for ::1 at 2019-10-25 00:28:51 -0700
Processing by Devise::SessionsController#new as HTML
  Rendering /Users/m5matthew/.rbenv/versions/2.6.3/lib/ruby/gems/2.6.0/gems/devise-4.7.1/app/views/devise/sessions/new.html.erb within layouts/application
  Rendered /Users/m5matthew/.rbenv/versions/2.6.3/lib/ruby/gems/2.6.0/gems/devise-4.7.1/app/views/devise/shared/_links.html.erb (Duration: 1.6ms | Allocations: 638)
  Rendered /Users/m5matthew/.rbenv/versions/2.6.3/lib/ruby/gems/2.6.0/gems/devise-4.7.1/app/views/devise/sessions/new.html.erb within layouts/application (Duration: 9.3ms | Allocations: 4847)
Completed 200 OK in 46ms (Views: 21.4ms | ActiveRecord: 1.8ms | Allocations: 16799)


Started GET "/users/sign_in" for ::1 at 2019-10-25 00:29:00 -0700
Processing by Devise::SessionsController#new as HTML
  Rendering /Users/m5matthew/.rbenv/versions/2.6.3/lib/ruby/gems/2.6.0/gems/devise-4.7.1/app/views/devise/sessions/new.html.erb within layouts/application
  Rendered /Users/m5matthew/.rbenv/versions/2.6.3/lib/ruby/gems/2.6.0/gems/devise-4.7.1/app/views/devise/shared/_links.html.erb (Duration: 0.6ms | Allocations: 132)
  Rendered /Users/m5matthew/.rbenv/versions/2.6.3/lib/ruby/gems/2.6.0/gems/devise-4.7.1/app/views/devise/sessions/new.html.erb within layouts/application (Duration: 9.7ms | Allocations: 1039)
Completed 200 OK in 62ms (Views: 60.3ms | ActiveRecord: 0.0ms | Allocations: 7956)


Started GET "/" for ::1 at 2019-10-25 13:17:21 -0700
  [1m[35m (0.0ms)[0m  [1m[34mSELECT sqlite_version(*)[0m
Processing by PagesController#show as HTML
  Parameters: {"page"=>"about"}
  Rendering pages/about.html.erb within layouts/application
  Rendered pages/about.html.erb within layouts/application (Duration: 1205.4ms | Allocations: 1051043)
Completed 200 OK in 1232ms (Views: 1228.6ms | ActiveRecord: 0.0ms | Allocations: 1058116)


Started DELETE "/users/sign_out" for ::1 at 2019-10-25 13:17:26 -0700
Processing by Devise::SessionsController#destroy as HTML
  Parameters: {"authenticity_token"=>"J4ChgUpgZ9xXgSHAEZmsX+tnIX+zCIlwB2lwZDgf7d1IUgz8PJA5pf7vsCdqrjQrXFokpBtDgLRl39oJ3Fhgcg=="}
Redirected to http://localhost:3000/
Filter chain halted as :verify_signed_out_user rendered or redirected
Completed 302 Found in 7ms (ActiveRecord: 0.0ms | Allocations: 2159)


Started GET "/" for ::1 at 2019-10-25 13:17:26 -0700
Processing by PagesController#show as HTML
  Parameters: {"page"=>"about"}
  Rendering pages/about.html.erb within layouts/application
  Rendered pages/about.html.erb within layouts/application (Duration: 1.4ms | Allocations: 1559)
Completed 200 OK in 7ms (Views: 6.9ms | ActiveRecord: 0.0ms | Allocations: 5981)


Started GET "/users/sign_in" for ::1 at 2019-10-25 13:17:31 -0700
Processing by Devise::SessionsController#new as HTML
  Rendering /Users/m5matthew/.rbenv/versions/2.6.3/lib/ruby/gems/2.6.0/gems/devise-4.7.1/app/views/devise/sessions/new.html.erb within layouts/application
  Rendered /Users/m5matthew/.rbenv/versions/2.6.3/lib/ruby/gems/2.6.0/gems/devise-4.7.1/app/views/devise/shared/_links.html.erb (Duration: 2.4ms | Allocations: 638)
  Rendered /Users/m5matthew/.rbenv/versions/2.6.3/lib/ruby/gems/2.6.0/gems/devise-4.7.1/app/views/devise/sessions/new.html.erb within layouts/application (Duration: 15.8ms | Allocations: 3235)
Completed 200 OK in 52ms (Views: 24.9ms | ActiveRecord: 1.5ms | Allocations: 15208)


Started GET "/users/sign_up" for ::1 at 2019-10-25 13:17:35 -0700
Processing by Devise::RegistrationsController#new as HTML
  Rendering /Users/m5matthew/.rbenv/versions/2.6.3/lib/ruby/gems/2.6.0/gems/devise-4.7.1/app/views/devise/registrations/new.html.erb within layouts/application
  Rendered /Users/m5matthew/.rbenv/versions/2.6.3/lib/ruby/gems/2.6.0/gems/devise-4.7.1/app/views/devise/shared/_error_messages.html.erb (Duration: 1.0ms | Allocations: 213)
  Rendered /Users/m5matthew/.rbenv/versions/2.6.3/lib/ruby/gems/2.6.0/gems/devise-4.7.1/app/views/devise/shared/_links.html.erb (Duration: 0.3ms | Allocations: 123)
  Rendered /Users/m5matthew/.rbenv/versions/2.6.3/lib/ruby/gems/2.6.0/gems/devise-4.7.1/app/views/devise/registrations/new.html.erb within layouts/application (Duration: 6.0ms | Allocations: 1951)
Completed 200 OK in 47ms (Views: 45.3ms | ActiveRecord: 0.0ms | Allocations: 7912)


Started GET "/users/sign_in" for ::1 at 2019-10-25 13:17:45 -0700
Processing by Devise::SessionsController#new as HTML
  Rendering /Users/m5matthew/.rbenv/versions/2.6.3/lib/ruby/gems/2.6.0/gems/devise-4.7.1/app/views/devise/sessions/new.html.erb within layouts/application
  Rendered /Users/m5matthew/.rbenv/versions/2.6.3/lib/ruby/gems/2.6.0/gems/devise-4.7.1/app/views/devise/shared/_links.html.erb (Duration: 1.9ms | Allocations: 132)
  Rendered /Users/m5matthew/.rbenv/versions/2.6.3/lib/ruby/gems/2.6.0/gems/devise-4.7.1/app/views/devise/sessions/new.html.erb within layouts/application (Duration: 5.6ms | Allocations: 1044)
Completed 200 OK in 30ms (Views: 28.2ms | ActiveRecord: 0.0ms | Allocations: 6259)


Started GET "/" for ::1 at 2019-10-25 13:17:50 -0700
Processing by PagesController#show as HTML
  Parameters: {"page"=>"about"}
  Rendering pages/about.html.erb within layouts/application
  Rendered pages/about.html.erb within layouts/application (Duration: 2.2ms | Allocations: 1599)
Completed 200 OK in 8ms (Views: 7.9ms | ActiveRecord: 0.0ms | Allocations: 6109)


Started GET "/" for ::1 at 2019-10-25 13:17:50 -0700
Processing by PagesController#show as HTML
  Parameters: {"page"=>"about"}
  Rendering pages/about.html.erb within layouts/application
  Rendered pages/about.html.erb within layouts/application (Duration: 1.9ms | Allocations: 1548)
Completed 200 OK in 8ms (Views: 7.7ms | ActiveRecord: 0.0ms | Allocations: 5955)


Started GET "/users/sign_in" for ::1 at 2019-10-25 13:17:51 -0700
Processing by Devise::SessionsController#new as HTML
  Rendering /Users/m5matthew/.rbenv/versions/2.6.3/lib/ruby/gems/2.6.0/gems/devise-4.7.1/app/views/devise/sessions/new.html.erb within layouts/application
  Rendered /Users/m5matthew/.rbenv/versions/2.6.3/lib/ruby/gems/2.6.0/gems/devise-4.7.1/app/views/devise/shared/_links.html.erb (Duration: 0.8ms | Allocations: 132)
  Rendered /Users/m5matthew/.rbenv/versions/2.6.3/lib/ruby/gems/2.6.0/gems/devise-4.7.1/app/views/devise/sessions/new.html.erb within layouts/application (Duration: 5.3ms | Allocations: 1034)
Completed 200 OK in 22ms (Views: 20.7ms | ActiveRecord: 0.0ms | Allocations: 6247)


Started POST "/users/sign_in" for ::1 at 2019-10-25 13:18:06 -0700
Processing by Devise::SessionsController#create as HTML
  Parameters: {"authenticity_token"=>"wl+CkqazSS/3e1EIttFgSBmPQn+7Asaw61Gb1LS3rPi8PrhH/iBG5qUEkWCKa9zBPXi/H1XrboeZJZLGUzHEug==", "user"=>{"email"=>"matthew.wang.c@gmail.com", "password"=>"[FILTERED]", "remember_me"=>"0"}, "commit"=>"Log in"}
  [1m[36mUser Load (0.6ms)[0m  [1m[34mSELECT "users".* FROM "users" WHERE "users"."email" = ? ORDER BY "users"."id" ASC LIMIT ?[0m  [["email", "matthew.wang.c@gmail.com"], ["LIMIT", 1]]
Completed 401 Unauthorized in 13ms (ActiveRecord: 0.6ms | Allocations: 4869)


Processing by Devise::SessionsController#new as HTML
  Parameters: {"authenticity_token"=>"wl+CkqazSS/3e1EIttFgSBmPQn+7Asaw61Gb1LS3rPi8PrhH/iBG5qUEkWCKa9zBPXi/H1XrboeZJZLGUzHEug==", "user"=>{"email"=>"matthew.wang.c@gmail.com", "password"=>"[FILTERED]", "remember_me"=>"0"}, "commit"=>"Log in"}
  Rendering /Users/m5matthew/.rbenv/versions/2.6.3/lib/ruby/gems/2.6.0/gems/devise-4.7.1/app/views/devise/sessions/new.html.erb within layouts/application
  Rendered /Users/m5matthew/.rbenv/versions/2.6.3/lib/ruby/gems/2.6.0/gems/devise-4.7.1/app/views/devise/shared/_links.html.erb (Duration: 0.2ms | Allocations: 132)
  Rendered /Users/m5matthew/.rbenv/versions/2.6.3/lib/ruby/gems/2.6.0/gems/devise-4.7.1/app/views/devise/sessions/new.html.erb within layouts/application (Duration: 1.5ms | Allocations: 1035)
Completed 200 OK in 133ms (Views: 7.4ms | ActiveRecord: 0.0ms | Allocations: 7455)


Started GET "/users/sign_up" for ::1 at 2019-10-25 13:18:16 -0700
Processing by Devise::RegistrationsController#new as HTML
  Rendering /Users/m5matthew/.rbenv/versions/2.6.3/lib/ruby/gems/2.6.0/gems/devise-4.7.1/app/views/devise/registrations/new.html.erb within layouts/application
  Rendered /Users/m5matthew/.rbenv/versions/2.6.3/lib/ruby/gems/2.6.0/gems/devise-4.7.1/app/views/devise/shared/_error_messages.html.erb (Duration: 0.7ms | Allocations: 15)
  Rendered /Users/m5matthew/.rbenv/versions/2.6.3/lib/ruby/gems/2.6.0/gems/devise-4.7.1/app/views/devise/shared/_links.html.erb (Duration: 0.3ms | Allocations: 77)
  Rendered /Users/m5matthew/.rbenv/versions/2.6.3/lib/ruby/gems/2.6.0/gems/devise-4.7.1/app/views/devise/registrations/new.html.erb within layouts/application (Duration: 9.4ms | Allocations: 1045)
Completed 200 OK in 20ms (Views: 18.7ms | ActiveRecord: 0.0ms | Allocations: 6199)


Started POST "/users" for ::1 at 2019-10-25 13:18:26 -0700
Processing by Devise::RegistrationsController#create as HTML
  Parameters: {"authenticity_token"=>"r2KLc7L7BBVbHgvo1QpXSVCnx87LMocxpwYt8tGX7k8m9TcQb2AkDvNKw3lYK9Lkcwktng5bzFGBioI7O+sL9w==", "user"=>{"email"=>"spinder@gmail.com", "password"=>"[FILTERED]", "password_confirmation"=>"[FILTERED]"}, "commit"=>"Sign up"}
  [1m[35m (0.1ms)[0m  [1m[36mbegin transaction[0m
  [1m[36mUser Exists? (0.2ms)[0m  [1m[34mSELECT 1 AS one FROM "users" WHERE "users"."email" = ? LIMIT ?[0m  [["email", "spinder@gmail.com"], ["LIMIT", 1]]
  [1m[36mUser Create (1.6ms)[0m  [1m[32mINSERT INTO "users" ("email", "encrypted_password", "created_at", "updated_at") VALUES (?, ?, ?, ?)[0m  [["email", "spinder@gmail.com"], ["encrypted_password", "$2a$11$ve0te78.qW/nBSaiv9fJMOOO3IBL/HDGMrPObOQCAhTG6sj86/LZW"], ["created_at", "2019-10-25 20:18:27.057586"], ["updated_at", "2019-10-25 20:18:27.057586"]]
  [1m[35m (1.2ms)[0m  [1m[36mcommit transaction[0m
Redirected to http://localhost:3000/
Completed 302 Found in 142ms (ActiveRecord: 3.0ms | Allocations: 8512)


Started GET "/" for ::1 at 2019-10-25 13:18:27 -0700
Processing by PagesController#show as HTML
  Parameters: {"page"=>"about"}
  Rendering pages/about.html.erb within layouts/application
  Rendered pages/about.html.erb within layouts/application (Duration: 2.1ms | Allocations: 1548)
Completed 200 OK in 8ms (Views: 7.8ms | ActiveRecord: 0.0ms | Allocations: 5981)


Started GET "/users/sign_in" for ::1 at 2019-10-25 13:18:29 -0700
Processing by Devise::SessionsController#new as HTML
  [1m[36mUser Load (0.3ms)[0m  [1m[34mSELECT "users".* FROM "users" WHERE "users"."id" = ? ORDER BY "users"."id" ASC LIMIT ?[0m  [["id", 1], ["LIMIT", 1]]
Redirected to http://localhost:3000/
Filter chain halted as :require_no_authentication rendered or redirected
Completed 302 Found in 9ms (ActiveRecord: 0.3ms | Allocations: 1775)


Started GET "/" for ::1 at 2019-10-25 13:18:29 -0700
Processing by PagesController#show as HTML
  Parameters: {"page"=>"about"}
  Rendering pages/about.html.erb within layouts/application
  Rendered pages/about.html.erb within layouts/application (Duration: 7.9ms | Allocations: 1548)
Completed 200 OK in 16ms (Views: 15.6ms | ActiveRecord: 0.0ms | Allocations: 5992)


Started DELETE "/users/sign_out" for ::1 at 2019-10-25 13:18:31 -0700
Processing by Devise::SessionsController#destroy as HTML
  Parameters: {"authenticity_token"=>"TNbJk8LwuCpjHdlgnGsVlj5R25J1OWNuaGfDw2s+OX8jBGTutADmU8pzSIfnXI3iiWzeSd1yaqoK0Wmuj3m00A=="}
  [1m[36mUser Load (0.1ms)[0m  [1m[34mSELECT "users".* FROM "users" WHERE "users"."id" = ? ORDER BY "users"."id" ASC LIMIT ?[0m  [["id", 1], ["LIMIT", 1]]
Redirected to http://localhost:3000/
Completed 302 Found in 9ms (ActiveRecord: 0.1ms | Allocations: 2703)


Started GET "/" for ::1 at 2019-10-25 13:18:31 -0700
Processing by PagesController#show as HTML
  Parameters: {"page"=>"about"}
  Rendering pages/about.html.erb within layouts/application
  Rendered pages/about.html.erb within layouts/application (Duration: 1.7ms | Allocations: 1548)
Completed 200 OK in 8ms (Views: 7.5ms | ActiveRecord: 0.0ms | Allocations: 5965)


Started GET "/users/sign_in" for ::1 at 2019-10-25 13:18:32 -0700
Processing by Devise::SessionsController#new as HTML
  Rendering /Users/m5matthew/.rbenv/versions/2.6.3/lib/ruby/gems/2.6.0/gems/devise-4.7.1/app/views/devise/sessions/new.html.erb within layouts/application
  Rendered /Users/m5matthew/.rbenv/versions/2.6.3/lib/ruby/gems/2.6.0/gems/devise-4.7.1/app/views/devise/shared/_links.html.erb (Duration: 0.4ms | Allocations: 132)
  Rendered /Users/m5matthew/.rbenv/versions/2.6.3/lib/ruby/gems/2.6.0/gems/devise-4.7.1/app/views/devise/sessions/new.html.erb within layouts/application (Duration: 7.3ms | Allocations: 1034)
Completed 200 OK in 30ms (Views: 29.0ms | ActiveRecord: 0.0ms | Allocations: 6245)


Started GET "/" for ::1 at 2019-10-25 13:20:40 -0700
  [1m[35m (0.1ms)[0m  [1m[34mSELECT sqlite_version(*)[0m
Processing by PagesController#show as HTML
  Parameters: {"page"=>"about"}
  Rendering pages/about.html.erb within layouts/application
  Rendered pages/about.html.erb within layouts/application (Duration: 752.7ms | Allocations: 1051105)
Completed 200 OK in 766ms (Views: 762.1ms | ActiveRecord: 0.0ms | Allocations: 1058040)


Started GET "/" for ::1 at 2019-10-25 13:20:43 -0700
Processing by PagesController#show as HTML
  Parameters: {"page"=>"about"}
  Rendering pages/about.html.erb within layouts/application
  Rendered pages/about.html.erb within layouts/application (Duration: 3.7ms | Allocations: 2552)
Completed 200 OK in 30ms (Views: 29.5ms | ActiveRecord: 0.0ms | Allocations: 7693)


Started GET "/users/sign_in" for ::1 at 2019-10-25 13:20:45 -0700
Processing by Devise::SessionsController#new as HTML
  Rendering /Users/m5matthew/.rbenv/versions/2.6.3/lib/ruby/gems/2.6.0/gems/devise-4.7.1/app/views/devise/sessions/new.html.erb within layouts/application
  Rendered /Users/m5matthew/.rbenv/versions/2.6.3/lib/ruby/gems/2.6.0/gems/devise-4.7.1/app/views/devise/shared/_links.html.erb (Duration: 1.1ms | Allocations: 638)
  Rendered /Users/m5matthew/.rbenv/versions/2.6.3/lib/ruby/gems/2.6.0/gems/devise-4.7.1/app/views/devise/sessions/new.html.erb within layouts/application (Duration: 9.8ms | Allocations: 4850)
Completed 200 OK in 52ms (Views: 22.1ms | ActiveRecord: 2.3ms | Allocations: 16872)


Started GET "/" for ::1 at 2019-10-25 13:21:16 -0700
  [1m[35m (0.1ms)[0m  [1m[34mSELECT sqlite_version(*)[0m
  [1m[35m (0.1ms)[0m  [1m[34mSELECT "schema_migrations"."version" FROM "schema_migrations" ORDER BY "schema_migrations"."version" ASC[0m
Processing by PagesController#show as HTML
  Parameters: {"page"=>"about"}
  Rendering pages/about.html.erb within layouts/application
  Rendered pages/about.html.erb within layouts/application (Duration: 781.0ms | Allocations: 1051341)
Completed 200 OK in 795ms (Views: 790.7ms | ActiveRecord: 0.0ms | Allocations: 1058349)


Started GET "/" for ::1 at 2019-10-25 13:34:14 -0700
  [1m[35m (0.1ms)[0m  [1m[34mSELECT sqlite_version(*)[0m
Processing by PagesController#show as HTML
  Parameters: {"page"=>"about"}
  Rendering pages/about.html.erb within layouts/application
  Rendered pages/about.html.erb within layouts/application (Duration: 712.7ms | Allocations: 1049830)
Completed 200 OK in 728ms (Views: 722.4ms | ActiveRecord: 0.0ms | Allocations: 1056634)


Started GET "/users/sign_in" for ::1 at 2019-10-25 13:34:17 -0700
Processing by Devise::SessionsController#new as HTML
  Rendering /Users/m5matthew/.rbenv/versions/2.6.3/lib/ruby/gems/2.6.0/gems/devise-4.7.1/app/views/devise/sessions/new.html.erb within layouts/application
  Rendered /Users/m5matthew/.rbenv/versions/2.6.3/lib/ruby/gems/2.6.0/gems/devise-4.7.1/app/views/devise/shared/_links.html.erb (Duration: 1.0ms | Allocations: 634)
  Rendered /Users/m5matthew/.rbenv/versions/2.6.3/lib/ruby/gems/2.6.0/gems/devise-4.7.1/app/views/devise/sessions/new.html.erb within layouts/application (Duration: 11.7ms | Allocations: 5458)
Completed 200 OK in 77ms (Views: 41.9ms | ActiveRecord: 2.8ms | Allocations: 17472)


Started GET "/" for 131.179.60.228 at 2019-10-25 20:38:30 +0000
Cannot render console from 131.179.60.228! Allowed networks: 127.0.0.0/127.255.255.255, ::1
  [1m[35m (1.4ms)[0m  [1m[34mSELECT sqlite_version(*)[0m
  [1m[35m (0.1ms)[0m  [1m[34mSELECT "schema_migrations"."version" FROM "schema_migrations" ORDER BY "schema_migrations"."version" ASC[0m
Processing by PagesController#show as HTML
  Parameters: {"page"=>"about"}
  Rendering pages/about.html.erb within layouts/application
  Rendered pages/about.html.erb within layouts/application (Duration: 821.3ms | Allocations: 1249309)
Completed 200 OK in 846ms (Views: 840.6ms | ActiveRecord: 0.0ms | Allocations: 1259514)


Started GET "/" for 131.179.60.228 at 2019-10-25 20:38:33 +0000
Cannot render console from 131.179.60.228! Allowed networks: 127.0.0.0/127.255.255.255, ::1
Processing by PagesController#show as HTML
  Parameters: {"page"=>"about"}
  Rendering pages/about.html.erb within layouts/application
  Rendered pages/about.html.erb within layouts/application (Duration: 1.6ms | Allocations: 1588)
Completed 200 OK in 7ms (Views: 6.4ms | ActiveRecord: 0.0ms | Allocations: 5602)


Started GET "/" for 131.179.60.228 at 2019-10-25 20:38:33 +0000
Cannot render console from 131.179.60.228! Allowed networks: 127.0.0.0/127.255.255.255, ::1
Processing by PagesController#show as HTML
  Parameters: {"page"=>"about"}
  Rendering pages/about.html.erb within layouts/application
  Rendered pages/about.html.erb within layouts/application (Duration: 1.7ms | Allocations: 1573)
Completed 200 OK in 7ms (Views: 6.6ms | ActiveRecord: 0.0ms | Allocations: 5556)


Started GET "/" for 131.179.60.228 at 2019-10-25 20:41:17 +0000
Cannot render console from 131.179.60.228! Allowed networks: 127.0.0.0/127.255.255.255, ::1
Processing by PagesController#show as HTML
  Parameters: {"page"=>"about"}
  Rendering pages/about.html.erb within layouts/application
  Rendered pages/about.html.erb within layouts/application (Duration: 4.0ms | Allocations: 4247)
[Webpacker] Compiling…
[Webpacker] Compiled all packs in /home/ubuntu/environment/spinder/public/packs
Completed 200 OK in 4348ms (Views: 4347.2ms | ActiveRecord: 0.0ms | Allocations: 11946)


Started GET "/" for 131.179.60.228 at 2019-10-25 20:41:23 +0000
Cannot render console from 131.179.60.228! Allowed networks: 127.0.0.0/127.255.255.255, ::1
Processing by PagesController#show as HTML
  Parameters: {"page"=>"about"}
  Rendering pages/about.html.erb within layouts/application
  Rendered pages/about.html.erb within layouts/application (Duration: 1.6ms | Allocations: 1554)
Completed 200 OK in 7ms (Views: 6.2ms | ActiveRecord: 0.0ms | Allocations: 5525)


Started GET "/" for 131.179.60.228 at 2019-10-25 20:41:23 +0000
Cannot render console from 131.179.60.228! Allowed networks: 127.0.0.0/127.255.255.255, ::1
Processing by PagesController#show as HTML
  Parameters: {"page"=>"about"}
  Rendering pages/about.html.erb within layouts/application
  Rendered pages/about.html.erb within layouts/application (Duration: 1.6ms | Allocations: 1542)
Completed 200 OK in 7ms (Views: 6.3ms | ActiveRecord: 0.0ms | Allocations: 5498)


